2015-02-19 19:22:47.806+0000 WARN  [o.n.k.EmbeddedGraphDatabase]: You are using an unsupported version of the Java runtime. Please use Oracle(R) Java(TM) Runtime Environment 7 or OpenJDK(TM) 7.
2015-02-19 19:22:47.833+0000 INFO  [o.n.k.InternalAbstractGraphDatabase]: No locking implementation specified, defaulting to 'community'
2015-02-19 19:22:48.098+0000 INFO  [o.n.k.i.DiagnosticsManager]: --- INITIALIZED diagnostics START ---
2015-02-19 19:22:48.101+0000 INFO  [o.n.k.i.DiagnosticsManager]: Neo4j Kernel properties:
2015-02-19 19:22:48.103+0000 INFO  [o.n.k.i.DiagnosticsManager]: neostore.propertystore.db.strings.mapped_memory=845M
2015-02-19 19:22:48.103+0000 INFO  [o.n.k.i.DiagnosticsManager]: ephemeral=false
2015-02-19 19:22:48.103+0000 INFO  [o.n.k.i.DiagnosticsManager]: neostore.nodestore.db.mapped_memory=276M
2015-02-19 19:22:48.103+0000 INFO  [o.n.k.i.DiagnosticsManager]: store_dir=lk-userservice.db
2015-02-19 19:22:48.103+0000 INFO  [o.n.k.i.DiagnosticsManager]: neostore.propertystore.db.arrays.mapped_memory=958M
2015-02-19 19:22:48.103+0000 INFO  [o.n.k.i.DiagnosticsManager]: neostore.propertystore.db.mapped_memory=994M
2015-02-19 19:22:48.103+0000 INFO  [o.n.k.i.DiagnosticsManager]: neostore.relationshipstore.db.mapped_memory=1218M
2015-02-19 19:22:48.106+0000 INFO  [o.n.k.i.DiagnosticsManager]: Diagnostics providers:
2015-02-19 19:22:48.106+0000 INFO  [o.n.k.i.DiagnosticsManager]: org.neo4j.kernel.configuration.Config
2015-02-19 19:22:48.106+0000 INFO  [o.n.k.i.DiagnosticsManager]: org.neo4j.kernel.info.DiagnosticsManager
2015-02-19 19:22:48.106+0000 INFO  [o.n.k.i.DiagnosticsManager]: SYSTEM_MEMORY
2015-02-19 19:22:48.106+0000 INFO  [o.n.k.i.DiagnosticsManager]: JAVA_MEMORY
2015-02-19 19:22:48.106+0000 INFO  [o.n.k.i.DiagnosticsManager]: OPERATING_SYSTEM
2015-02-19 19:22:48.106+0000 INFO  [o.n.k.i.DiagnosticsManager]: JAVA_VIRTUAL_MACHINE
2015-02-19 19:22:48.106+0000 INFO  [o.n.k.i.DiagnosticsManager]: CLASSPATH
2015-02-19 19:22:48.107+0000 INFO  [o.n.k.i.DiagnosticsManager]: LIBRARY_PATH
2015-02-19 19:22:48.107+0000 INFO  [o.n.k.i.DiagnosticsManager]: SYSTEM_PROPERTIES
2015-02-19 19:22:48.107+0000 INFO  [o.n.k.i.DiagnosticsManager]: NETWORK
2015-02-19 19:22:48.107+0000 INFO  [o.n.k.i.DiagnosticsManager]: System memory information:
2015-02-19 19:22:48.111+0000 INFO  [o.n.k.i.DiagnosticsManager]: Total Physical memory: 12,00 GB
2015-02-19 19:22:48.112+0000 INFO  [o.n.k.i.DiagnosticsManager]: Free Physical memory: 770,66 MB
2015-02-19 19:22:48.113+0000 INFO  [o.n.k.i.DiagnosticsManager]: Committed virtual memory: 6,88 GB
2015-02-19 19:22:48.114+0000 INFO  [o.n.k.i.DiagnosticsManager]: Total swap space: 1,00 GB
2015-02-19 19:22:48.115+0000 INFO  [o.n.k.i.DiagnosticsManager]: Free swap space: 469,50 MB
2015-02-19 19:22:48.116+0000 INFO  [o.n.k.i.DiagnosticsManager]: JVM memory information:
2015-02-19 19:22:48.117+0000 INFO  [o.n.k.i.DiagnosticsManager]: Free  memory: 481,66 MB
2015-02-19 19:22:48.117+0000 INFO  [o.n.k.i.DiagnosticsManager]: Total memory: 520,00 MB
2015-02-19 19:22:48.117+0000 INFO  [o.n.k.i.DiagnosticsManager]: Max   memory: 2,67 GB
2015-02-19 19:22:48.118+0000 INFO  [o.n.k.i.DiagnosticsManager]: Garbage Collector: PS Scavenge: [PS Eden Space, PS Survivor Space]
2015-02-19 19:22:48.118+0000 INFO  [o.n.k.i.DiagnosticsManager]: Garbage Collector: PS MarkSweep: [PS Eden Space, PS Survivor Space, PS Old Gen]
2015-02-19 19:22:48.121+0000 INFO  [o.n.k.i.DiagnosticsManager]: Memory Pool: Code Cache (Non-heap memory): committed=13,31 MB, used=12,96 MB, max=240,00 MB, threshold=0,00 B
2015-02-19 19:22:48.123+0000 INFO  [o.n.k.i.DiagnosticsManager]: Memory Pool: Metaspace (Non-heap memory): committed=35,50 MB, used=34,59 MB, max=-1,00 B, threshold=0,00 B
2015-02-19 19:22:48.124+0000 INFO  [o.n.k.i.DiagnosticsManager]: Memory Pool: Compressed Class Space (Non-heap memory): committed=4,50 MB, used=4,36 MB, max=1,00 GB, threshold=0,00 B
2015-02-19 19:22:48.124+0000 INFO  [o.n.k.i.DiagnosticsManager]: Memory Pool: PS Eden Space (Heap memory): committed=371,00 MB, used=13,27 MB, max=994,00 MB, threshold=?
2015-02-19 19:22:48.124+0000 INFO  [o.n.k.i.DiagnosticsManager]: Memory Pool: PS Survivor Space (Heap memory): committed=12,00 MB, used=0,00 B, max=12,00 MB, threshold=?
2015-02-19 19:22:48.125+0000 INFO  [o.n.k.i.DiagnosticsManager]: Memory Pool: PS Old Gen (Heap memory): committed=137,00 MB, used=25,07 MB, max=2,00 GB, threshold=0,00 B
2015-02-19 19:22:48.125+0000 INFO  [o.n.k.i.DiagnosticsManager]: Operating system information:
2015-02-19 19:22:48.126+0000 INFO  [o.n.k.i.DiagnosticsManager]: Operating System: Mac OS X; version: 10.10.2; arch: x86_64; cpus: 4
2015-02-19 19:22:48.127+0000 INFO  [o.n.k.i.DiagnosticsManager]: Max number of file descriptors: 10240
2015-02-19 19:22:48.128+0000 INFO  [o.n.k.i.DiagnosticsManager]: Number of open file descriptors: 198
2015-02-19 19:22:48.129+0000 INFO  [o.n.k.i.DiagnosticsManager]: Process id: 5449@iMacdePodriguez.home
2015-02-19 19:22:48.129+0000 INFO  [o.n.k.i.DiagnosticsManager]: Byte order: LITTLE_ENDIAN
2015-02-19 19:22:48.129+0000 INFO  [o.n.k.i.DiagnosticsManager]: Local timezone: Europe/London
2015-02-19 19:22:48.129+0000 INFO  [o.n.k.i.DiagnosticsManager]: JVM information:
2015-02-19 19:22:48.129+0000 INFO  [o.n.k.i.DiagnosticsManager]: VM Name: Java HotSpot(TM) 64-Bit Server VM
2015-02-19 19:22:48.129+0000 INFO  [o.n.k.i.DiagnosticsManager]: VM Vendor: Oracle Corporation
2015-02-19 19:22:48.129+0000 INFO  [o.n.k.i.DiagnosticsManager]: VM Version: 25.25-b02
2015-02-19 19:22:48.129+0000 INFO  [o.n.k.i.DiagnosticsManager]: JIT compiler: HotSpot 64-Bit Tiered Compilers
2015-02-19 19:22:48.131+0000 INFO  [o.n.k.i.DiagnosticsManager]: VM Arguments: [-Dclassworlds.conf=/Applications/NetBeans/NetBeans Dev 201502130001.app/Contents/Resources/NetBeans/java/maven/bin/m2.conf, -Dmaven.home=/Applications/NetBeans/NetBeans Dev 201502130001.app/Contents/Resources/NetBeans/java/maven]
2015-02-19 19:22:48.131+0000 INFO  [o.n.k.i.DiagnosticsManager]: Java classpath:
2015-02-19 19:22:48.137+0000 INFO  [o.n.k.i.DiagnosticsManager]:  [loader.0] file:/Users/pedromarce/.m2/repository/org/apache/activemq/protobuf/activemq-protobuf/1.1/activemq-protobuf-1.1.jar
2015-02-19 19:22:48.137+0000 INFO  [o.n.k.i.DiagnosticsManager]:  [bootstrap] /Library/Java/JavaVirtualMachines/jdk1.8.0_25.jdk/Contents/Home/jre/lib/rt.jar
2015-02-19 19:22:48.137+0000 INFO  [o.n.k.i.DiagnosticsManager]:  [loader.0] file:/Users/pedromarce/.m2/repository/com/fasterxml/jackson/core/jackson-core/2.4.4/jackson-core-2.4.4.jar
2015-02-19 19:22:48.137+0000 INFO  [o.n.k.i.DiagnosticsManager]:  [loader.0] file:/Users/pedromarce/.m2/repository/net/sf/opencsv/opencsv/2.0/opencsv-2.0.jar
2015-02-19 19:22:48.138+0000 INFO  [o.n.k.i.DiagnosticsManager]:  [loader.0] file:/Users/pedromarce/.m2/repository/org/springframework/boot/spring-boot/1.2.1.RELEASE/spring-boot-1.2.1.RELEASE.jar
2015-02-19 19:22:48.138+0000 INFO  [o.n.k.i.DiagnosticsManager]:  [bootstrap] /Library/Java/JavaVirtualMachines/jdk1.8.0_25.jdk/Contents/Home/jre/lib/jfr.jar
2015-02-19 19:22:48.138+0000 INFO  [o.n.k.i.DiagnosticsManager]:  [loader.0] file:/Users/pedromarce/.m2/repository/javax/validation/validation-api/1.1.0.Final/validation-api-1.1.0.Final.jar
2015-02-19 19:22:48.138+0000 INFO  [o.n.k.i.DiagnosticsManager]:  [classpath] /Applications/NetBeans/NetBeans Dev 201502130001.app/Contents/Resources/NetBeans/java/maven/boot/plexus-classworlds-2.4.jar
2015-02-19 19:22:48.138+0000 INFO  [o.n.k.i.DiagnosticsManager]:  [loader.0] file:/Users/pedromarce/.m2/repository/org/apache/activemq/activemq-core/5.7.0/activemq-core-5.7.0.jar
2015-02-19 19:22:48.138+0000 INFO  [o.n.k.i.DiagnosticsManager]:  [loader.2] file:/Library/Java/JavaVirtualMachines/jdk1.8.0_25.jdk/Contents/Home/jre/lib/ext/sunec.jar
2015-02-19 19:22:48.138+0000 INFO  [o.n.k.i.DiagnosticsManager]:  [loader.0] file:/Users/pedromarce/.m2/repository/commons-net/commons-net/3.1/commons-net-3.1.jar
2015-02-19 19:22:48.138+0000 INFO  [o.n.k.i.DiagnosticsManager]:  [loader.0] file:/Users/pedromarce/.m2/repository/org/apache/geronimo/specs/geronimo-j2ee-management_1.1_spec/1.0.1/geronimo-j2ee-management_1.1_spec-1.0.1.jar
2015-02-19 19:22:48.138+0000 INFO  [o.n.k.i.DiagnosticsManager]:  [bootstrap] /Library/Java/JavaVirtualMachines/jdk1.8.0_25.jdk/Contents/Home/jre/classes
2015-02-19 19:22:48.138+0000 INFO  [o.n.k.i.DiagnosticsManager]:  [loader.0] file:/Users/pedromarce/.m2/repository/com/fasterxml/jackson/core/jackson-databind/2.4.4/jackson-databind-2.4.4.jar
2015-02-19 19:22:48.138+0000 INFO  [o.n.k.i.DiagnosticsManager]:  [loader.2] file:/Library/Java/JavaVirtualMachines/jdk1.8.0_25.jdk/Contents/Home/jre/lib/ext/sunjce_provider.jar
2015-02-19 19:22:48.138+0000 INFO  [o.n.k.i.DiagnosticsManager]:  [loader.0] file:/Users/pedromarce/.m2/repository/org/hibernate/hibernate-validator/5.1.3.Final/hibernate-validator-5.1.3.Final.jar
2015-02-19 19:22:48.138+0000 INFO  [o.n.k.i.DiagnosticsManager]:  [loader.0] file:/Users/pedromarce/.m2/repository/org/neo4j/neo4j-graph-matching/2.1.5/neo4j-graph-matching-2.1.5.jar
2015-02-19 19:22:48.138+0000 INFO  [o.n.k.i.DiagnosticsManager]:  [loader.0] file:/Users/pedromarce/.m2/repository/org/springframework/boot/spring-boot-autoconfigure/1.2.1.RELEASE/spring-boot-autoconfigure-1.2.1.RELEASE.jar
2015-02-19 19:22:48.138+0000 INFO  [o.n.k.i.DiagnosticsManager]:  [loader.0] file:/Users/pedromarce/.m2/repository/org/springframework/spring-web/4.1.4.RELEASE/spring-web-4.1.4.RELEASE.jar
2015-02-19 19:22:48.138+0000 INFO  [o.n.k.i.DiagnosticsManager]:  [loader.2] file:/Library/Java/JavaVirtualMachines/jdk1.8.0_25.jdk/Contents/Home/jre/lib/ext/localedata.jar
2015-02-19 19:22:48.138+0000 INFO  [o.n.k.i.DiagnosticsManager]:  [loader.0] file:/Users/pedromarce/.m2/repository/org/springframework/data/spring-data-neo4j/3.2.1.RELEASE/spring-data-neo4j-3.2.1.RELEASE.jar
2015-02-19 19:22:48.138+0000 INFO  [o.n.k.i.DiagnosticsManager]:  [loader.0] file:/Users/pedromarce/.m2/repository/org/springframework/boot/spring-boot-starter-web/1.2.1.RELEASE/spring-boot-starter-web-1.2.1.RELEASE.jar
2015-02-19 19:22:48.138+0000 INFO  [o.n.k.i.DiagnosticsManager]:  [bootstrap] /Library/Java/JavaVirtualMachines/jdk1.8.0_25.jdk/Contents/Home/jre/lib/jsse.jar
2015-02-19 19:22:48.139+0000 INFO  [o.n.k.i.DiagnosticsManager]:  [loader.2] file:/Library/Java/JavaVirtualMachines/jdk1.8.0_25.jdk/Contents/Home/jre/lib/ext/sunpkcs11.jar
2015-02-19 19:22:48.139+0000 INFO  [o.n.k.i.DiagnosticsManager]:  [loader.2] file:/Library/Java/JavaVirtualMachines/jdk1.8.0_25.jdk/Contents/Home/jre/lib/ext/cldrdata.jar
2015-02-19 19:22:48.139+0000 INFO  [o.n.k.i.DiagnosticsManager]:  [loader.2] file:/System/Library/Java/Extensions/j3daudio.jar
2015-02-19 19:22:48.139+0000 INFO  [o.n.k.i.DiagnosticsManager]:  [loader.0] file:/Users/pedromarce/.m2/repository/org/neo4j/neo4j-cypher-commons/2.1.5/neo4j-cypher-commons-2.1.5.jar
2015-02-19 19:22:48.139+0000 INFO  [o.n.k.i.DiagnosticsManager]:  [loader.2] file:/System/Library/Java/Extensions/j3dutils.jar
2015-02-19 19:22:48.139+0000 INFO  [o.n.k.i.DiagnosticsManager]:  [loader.2] file:/System/Library/Java/Extensions/jai_codec.jar
2015-02-19 19:22:48.139+0000 INFO  [o.n.k.i.DiagnosticsManager]:  [loader.0] file:/Users/pedromarce/.m2/repository/org/springframework/data/spring-data-commons/1.9.1.RELEASE/spring-data-commons-1.9.1.RELEASE.jar
2015-02-19 19:22:48.139+0000 INFO  [o.n.k.i.DiagnosticsManager]:  [loader.0] file:/Users/pedromarce/.m2/repository/org/neo4j/neo4j-cypher/2.1.5/neo4j-cypher-2.1.5.jar
2015-02-19 19:22:48.139+0000 INFO  [o.n.k.i.DiagnosticsManager]:  [loader.2] file:/Users/pedromarce/Library/Java/Extensions/libwebkitsample.jnilib
2015-02-19 19:22:48.139+0000 INFO  [o.n.k.i.DiagnosticsManager]:  [loader.0] file:/Users/pedromarce/.m2/repository/org/yaml/snakeyaml/1.14/snakeyaml-1.14.jar
2015-02-19 19:22:48.139+0000 INFO  [o.n.k.i.DiagnosticsManager]:  [loader.0] file:/Users/pedromarce/.m2/repository/aopalliance/aopalliance/1.0/aopalliance-1.0.jar
2015-02-19 19:22:48.139+0000 INFO  [o.n.k.i.DiagnosticsManager]:  [loader.2] file:/Library/Java/Extensions/postgresql-8.2-506.jdbc3.jar
2015-02-19 19:22:48.139+0000 INFO  [o.n.k.i.DiagnosticsManager]:  [loader.0] file:/Users/pedromarce/.m2/repository/org/apache/activemq/kahadb/5.7.0/kahadb-5.7.0.jar
2015-02-19 19:22:48.139+0000 INFO  [o.n.k.i.DiagnosticsManager]:  [loader.0] file:/Users/pedromarce/.m2/repository/org/apache/tomcat/embed/tomcat-embed-websocket/8.0.15/tomcat-embed-websocket-8.0.15.jar
2015-02-19 19:22:48.139+0000 INFO  [o.n.k.i.DiagnosticsManager]:  [loader.2] file:/System/Library/Java/Extensions/libmlib_jai.jnilib
2015-02-19 19:22:48.139+0000 INFO  [o.n.k.i.DiagnosticsManager]:  [loader.0] file:/Users/pedromarce/.m2/repository/org/neo4j/neo4j-lucene-index/2.1.5/neo4j-lucene-index-2.1.5.jar
2015-02-19 19:22:48.139+0000 INFO  [o.n.k.i.DiagnosticsManager]:  [loader.0] file:/Users/pedromarce/.m2/repository/org/springframework/boot/spring-boot-starter-tomcat/1.2.1.RELEASE/spring-boot-starter-tomcat-1.2.1.RELEASE.jar
2015-02-19 19:22:48.140+0000 INFO  [o.n.k.i.DiagnosticsManager]:  [loader.2] file:/Library/Java/Extensions/postgresql-8.3-603.jdbc3.jar
2015-02-19 19:22:48.140+0000 INFO  [o.n.k.i.DiagnosticsManager]:  [loader.0] file:/Users/pedromarce/.m2/repository/org/apache/geronimo/specs/geronimo-jta_1.1_spec/1.1.1/geronimo-jta_1.1_spec-1.1.1.jar
2015-02-19 19:22:48.140+0000 INFO  [o.n.k.i.DiagnosticsManager]:  [loader.0] file:/Users/pedromarce/.m2/repository/org/springframework/spring-jms/4.1.4.RELEASE/spring-jms-4.1.4.RELEASE.jar
2015-02-19 19:22:48.140+0000 INFO  [o.n.k.i.DiagnosticsManager]:  [loader.1] file:/Applications/NetBeans/NetBeans%20Dev%20201502130001.app/Contents/Resources/NetBeans/java/maven/boot/plexus-classworlds-2.4.jar
2015-02-19 19:22:48.140+0000 INFO  [o.n.k.i.DiagnosticsManager]:  [loader.2] file:/System/Library/Java/Extensions/libJ3DAudio.jnilib
2015-02-19 19:22:48.140+0000 INFO  [o.n.k.i.DiagnosticsManager]:  [loader.0] file:/Users/pedromarce/.m2/repository/org/slf4j/jcl-over-slf4j/1.7.8/jcl-over-slf4j-1.7.8.jar
2015-02-19 19:22:48.140+0000 INFO  [o.n.k.i.DiagnosticsManager]:  [loader.0] file:/Users/pedromarce/.m2/repository/org/neo4j/neo4j-cypher-compiler-2.0/2.0.3/neo4j-cypher-compiler-2.0-2.0.3.jar
2015-02-19 19:22:48.140+0000 INFO  [o.n.k.i.DiagnosticsManager]:  [loader.0] file:/Users/pedromarce/.m2/repository/org/parboiled/parboiled-scala_2.10/1.1.6/parboiled-scala_2.10-1.1.6.jar
2015-02-19 19:22:48.140+0000 INFO  [o.n.k.i.DiagnosticsManager]:  [loader.0] file:/Users/pedromarce/.m2/repository/org/jasypt/jasypt/1.9.0/jasypt-1.9.0.jar
2015-02-19 19:22:48.140+0000 INFO  [o.n.k.i.DiagnosticsManager]:  [loader.2] file:/opt/subversion/lib/libsvnjavahl-1.0.dylib
2015-02-19 19:22:48.140+0000 INFO  [o.n.k.i.DiagnosticsManager]:  [loader.2] file:/System/Library/Java/Extensions/jai_core.jar
2015-02-19 19:22:48.140+0000 INFO  [o.n.k.i.DiagnosticsManager]:  [bootstrap] /Library/Java/JavaVirtualMachines/jdk1.8.0_25.jdk/Contents/Home/jre/lib/sunrsasign.jar
2015-02-19 19:22:48.140+0000 INFO  [o.n.k.i.DiagnosticsManager]:  [bootstrap] /Library/Java/JavaVirtualMachines/jdk1.8.0_25.jdk/Contents/Home/jre/lib/jce.jar
2015-02-19 19:22:48.140+0000 INFO  [o.n.k.i.DiagnosticsManager]:  [loader.0] file:/Users/pedromarce/dev-java/lk-userService/src/main/resources/
2015-02-19 19:22:48.140+0000 INFO  [o.n.k.i.DiagnosticsManager]:  [loader.0] file:/Users/pedromarce/.m2/repository/org/neo4j/neo4j-primitive-collections/2.1.5/neo4j-primitive-collections-2.1.5.jar
2015-02-19 19:22:48.141+0000 INFO  [o.n.k.i.DiagnosticsManager]:  [loader.0] file:/Users/pedromarce/.m2/repository/org/aspectj/aspectjweaver/1.8.4/aspectjweaver-1.8.4.jar
2015-02-19 19:22:48.141+0000 INFO  [o.n.k.i.DiagnosticsManager]:  [loader.0] file:/Users/pedromarce/.m2/repository/org/neo4j/neo4j-cypher-compiler-2.1/2.1.5/neo4j-cypher-compiler-2.1-2.1.5.jar
2015-02-19 19:22:48.141+0000 INFO  [o.n.k.i.DiagnosticsManager]:  [loader.0] file:/Users/pedromarce/.m2/repository/org/neo4j/neo4j-kernel/2.1.5/neo4j-kernel-2.1.5.jar
2015-02-19 19:22:48.141+0000 INFO  [o.n.k.i.DiagnosticsManager]:  [loader.0] file:/Users/pedromarce/.m2/repository/org/springframework/spring-webmvc/4.1.4.RELEASE/spring-webmvc-4.1.4.RELEASE.jar
2015-02-19 19:22:48.141+0000 INFO  [o.n.k.i.DiagnosticsManager]:  [loader.0] file:/Users/pedromarce/.m2/repository/org/apache/tomcat/embed/tomcat-embed-core/8.0.15/tomcat-embed-core-8.0.15.jar
2015-02-19 19:22:48.141+0000 INFO  [o.n.k.i.DiagnosticsManager]:  [loader.0] file:/Users/pedromarce/.m2/repository/org/fusesource/hawtdispatch/hawtdispatch/1.11/hawtdispatch-1.11.jar
2015-02-19 19:22:48.142+0000 INFO  [o.n.k.i.DiagnosticsManager]:  [loader.0] file:/Users/pedromarce/.m2/repository/org/springframework/spring-tx/4.1.4.RELEASE/spring-tx-4.1.4.RELEASE.jar
2015-02-19 19:22:48.142+0000 INFO  [o.n.k.i.DiagnosticsManager]:  [loader.0] file:/Users/pedromarce/dev-java/lk-userService/target/classes/
2015-02-19 19:22:48.142+0000 INFO  [o.n.k.i.DiagnosticsManager]:  [loader.0] file:/Users/pedromarce/.m2/repository/org/fusesource/hawtdispatch/hawtdispatch-transport/1.11/hawtdispatch-transport-1.11.jar
2015-02-19 19:22:48.142+0000 INFO  [o.n.k.i.DiagnosticsManager]:  [loader.2] file:/System/Library/Java/Extensions/vecmath.jar
2015-02-19 19:22:48.142+0000 INFO  [o.n.k.i.DiagnosticsManager]:  [loader.0] file:/Users/pedromarce/.m2/repository/org/slf4j/slf4j-api/1.7.8/slf4j-api-1.7.8.jar
2015-02-19 19:22:48.142+0000 INFO  [o.n.k.i.DiagnosticsManager]:  [loader.0] file:/Users/pedromarce/.m2/repository/org/springframework/spring-core/4.1.4.RELEASE/spring-core-4.1.4.RELEASE.jar
2015-02-19 19:22:48.142+0000 INFO  [o.n.k.i.DiagnosticsManager]:  [loader.0] file:/Users/pedromarce/.m2/repository/org/neo4j/neo4j/2.1.5/neo4j-2.1.5.jar
2015-02-19 19:22:48.143+0000 INFO  [o.n.k.i.DiagnosticsManager]:  [loader.2] file:/System/Library/Java/Extensions/libJ3D.jnilib
2015-02-19 19:22:48.143+0000 INFO  [o.n.k.i.DiagnosticsManager]:  [loader.2] file:/Library/Java/JavaVirtualMachines/jdk1.8.0_25.jdk/Contents/Home/jre/lib/ext/jfxrt.jar
2015-02-19 19:22:48.143+0000 INFO  [o.n.k.i.DiagnosticsManager]:  [loader.0] file:/Users/pedromarce/.m2/repository/ch/qos/logback/logback-classic/1.1.2/logback-classic-1.1.2.jar
2015-02-19 19:22:48.143+0000 INFO  [o.n.k.i.DiagnosticsManager]:  [loader.0] file:/Users/pedromarce/.m2/repository/com/googlecode/concurrentlinkedhashmap/concurrentlinkedhashmap-lru/1.3.1/concurrentlinkedhashmap-lru-1.3.1.jar
2015-02-19 19:22:48.143+0000 INFO  [o.n.k.i.DiagnosticsManager]:  [loader.2] file:/Library/Java/Extensions/libsvnjavahl.jnilib
2015-02-19 19:22:48.143+0000 INFO  [o.n.k.i.DiagnosticsManager]:  [bootstrap] /Library/Java/JavaVirtualMachines/jdk1.8.0_25.jdk/Contents/Home/jre/lib/resources.jar
2015-02-19 19:22:48.143+0000 INFO  [o.n.k.i.DiagnosticsManager]:  [bootstrap] /Library/Java/JavaVirtualMachines/jdk1.8.0_25.jdk/Contents/Home/jre/lib/charsets.jar
2015-02-19 19:22:48.143+0000 INFO  [o.n.k.i.DiagnosticsManager]:  [loader.0] file:/Users/pedromarce/.m2/repository/org/neo4j/neo4j-jmx/2.1.5/neo4j-jmx-2.1.5.jar
2015-02-19 19:22:48.143+0000 INFO  [o.n.k.i.DiagnosticsManager]:  [loader.0] file:/Users/pedromarce/.m2/repository/org/neo4j/neo4j-cypher-compiler-1.9/2.0.3/neo4j-cypher-compiler-1.9-2.0.3.jar
2015-02-19 19:22:48.143+0000 INFO  [o.n.k.i.DiagnosticsManager]:  [loader.0] file:/Users/pedromarce/.m2/repository/com/fasterxml/classmate/1.0.0/classmate-1.0.0.jar
2015-02-19 19:22:48.143+0000 INFO  [o.n.k.i.DiagnosticsManager]:  [loader.2] file:/System/Library/Java/Extensions/libAppleScriptEngine.jnilib
2015-02-19 19:22:48.143+0000 INFO  [o.n.k.i.DiagnosticsManager]:  [loader.0] file:/Users/pedromarce/.m2/repository/org/jboss/logging/jboss-logging/3.1.3.GA/jboss-logging-3.1.3.GA.jar
2015-02-19 19:22:48.143+0000 INFO  [o.n.k.i.DiagnosticsManager]:  [loader.0] file:/Users/pedromarce/.m2/repository/org/springframework/spring-context/4.1.4.RELEASE/spring-context-4.1.4.RELEASE.jar
2015-02-19 19:22:48.143+0000 INFO  [o.n.k.i.DiagnosticsManager]:  [loader.2] file:/System/Library/Java/Extensions/dns_sd.jar
2015-02-19 19:22:48.143+0000 INFO  [o.n.k.i.DiagnosticsManager]:  [loader.0] file:/Users/pedromarce/.m2/repository/org/apache/lucene/lucene-core/3.6.2/lucene-core-3.6.2.jar
2015-02-19 19:22:48.143+0000 INFO  [o.n.k.i.DiagnosticsManager]:  [loader.2] file:/System/Library/Java/Extensions/MRJToolkit.jar
2015-02-19 19:22:48.143+0000 INFO  [o.n.k.i.DiagnosticsManager]:  [loader.0] file:/Users/pedromarce/.m2/repository/org/fusesource/hawtbuf/hawtbuf/1.9/hawtbuf-1.9.jar
2015-02-19 19:22:48.143+0000 INFO  [o.n.k.i.DiagnosticsManager]:  [loader.0] file:/Users/pedromarce/.m2/repository/org/apache/geronimo/specs/geronimo-jms_1.1_spec/1.1.1/geronimo-jms_1.1_spec-1.1.1.jar
2015-02-19 19:22:48.143+0000 INFO  [o.n.k.i.DiagnosticsManager]:  [loader.0] file:/Users/pedromarce/.m2/repository/org/springframework/spring-beans/4.1.4.RELEASE/spring-beans-4.1.4.RELEASE.jar
2015-02-19 19:22:48.143+0000 INFO  [o.n.k.i.DiagnosticsManager]:  [loader.2] file:/System/Library/Java/Extensions/mlibwrapper_jai.jar
2015-02-19 19:22:48.143+0000 INFO  [o.n.k.i.DiagnosticsManager]:  [loader.0] file:/Users/pedromarce/.m2/repository/org/parboiled/parboiled-core/1.1.6/parboiled-core-1.1.6.jar
2015-02-19 19:22:48.143+0000 INFO  [o.n.k.i.DiagnosticsManager]:  [loader.2] file:/Library/Java/JavaVirtualMachines/jdk1.8.0_25.jdk/Contents/Home/jre/lib/ext/dnsns.jar
2015-02-19 19:22:48.143+0000 INFO  [o.n.k.i.DiagnosticsManager]:  [loader.0] file:/Users/pedromarce/.m2/repository/org/neo4j/neo4j-cypher-dsl/2.0.1/neo4j-cypher-dsl-2.0.1.jar
2015-02-19 19:22:48.144+0000 INFO  [o.n.k.i.DiagnosticsManager]:  [loader.2] file:/System/Library/Java/Extensions/libJ3DUtils.jnilib
2015-02-19 19:22:48.144+0000 INFO  [o.n.k.i.DiagnosticsManager]:  [loader.0] file:/Users/pedromarce/.m2/repository/org/aspectj/aspectjrt/1.8.4/aspectjrt-1.8.4.jar
2015-02-19 19:22:48.144+0000 INFO  [o.n.k.i.DiagnosticsManager]:  [loader.0] file:/Users/pedromarce/.m2/repository/org/slf4j/log4j-over-slf4j/1.7.8/log4j-over-slf4j-1.7.8.jar
2015-02-19 19:22:48.144+0000 INFO  [o.n.k.i.DiagnosticsManager]:  [loader.0] file:/Users/pedromarce/.m2/repository/org/neo4j/neo4j-graph-algo/2.1.5/neo4j-graph-algo-2.1.5.jar
2015-02-19 19:22:48.144+0000 INFO  [o.n.k.i.DiagnosticsManager]:  [loader.2] file:/System/Library/Java/Extensions/AppleScriptEngine.jar
2015-02-19 19:22:48.144+0000 INFO  [o.n.k.i.DiagnosticsManager]:  [loader.0] file:/Users/pedromarce/.m2/repository/org/slf4j/jul-to-slf4j/1.7.8/jul-to-slf4j-1.7.8.jar
2015-02-19 19:22:48.144+0000 INFO  [o.n.k.i.DiagnosticsManager]:  [loader.0] file:/Users/pedromarce/.m2/repository/org/springframework/spring-messaging/4.1.4.RELEASE/spring-messaging-4.1.4.RELEASE.jar
2015-02-19 19:22:48.144+0000 INFO  [o.n.k.i.DiagnosticsManager]:  [loader.0] file:/Users/pedromarce/.m2/repository/org/neo4j/neo4j-udc/2.1.5/neo4j-udc-2.1.5.jar
2015-02-19 19:22:48.144+0000 INFO  [o.n.k.i.DiagnosticsManager]:  [loader.0] file:/Users/pedromarce/.m2/repository/org/scala-lang/scala-library/2.10.4/scala-library-2.10.4.jar
2015-02-19 19:22:48.144+0000 INFO  [o.n.k.i.DiagnosticsManager]:  [loader.0] file:/Users/pedromarce/.m2/repository/org/apache/tomcat/embed/tomcat-embed-logging-juli/8.0.15/tomcat-embed-logging-juli-8.0.15.jar
2015-02-19 19:22:48.144+0000 INFO  [o.n.k.i.DiagnosticsManager]:  [loader.2] file:/usr/lib/java/libjdns_sd.jnilib
2015-02-19 19:22:48.144+0000 INFO  [o.n.k.i.DiagnosticsManager]:  [loader.0] file:/Users/pedromarce/.m2/repository/org/springframework/spring-aop/4.1.4.RELEASE/spring-aop-4.1.4.RELEASE.jar
2015-02-19 19:22:48.144+0000 INFO  [o.n.k.i.DiagnosticsManager]:  [loader.0] file:/Users/pedromarce/.m2/repository/org/apache/tomcat/embed/tomcat-embed-el/8.0.15/tomcat-embed-el-8.0.15.jar
2015-02-19 19:22:48.144+0000 INFO  [o.n.k.i.DiagnosticsManager]:  [loader.0] file:/Users/pedromarce/.m2/repository/org/fusesource/mqtt-client/mqtt-client/1.3/mqtt-client-1.3.jar
2015-02-19 19:22:48.144+0000 INFO  [o.n.k.i.DiagnosticsManager]:  [loader.2] file:/Library/Java/JavaVirtualMachines/jdk1.8.0_25.jdk/Contents/Home/jre/lib/ext/zipfs.jar
2015-02-19 19:22:48.144+0000 INFO  [o.n.k.i.DiagnosticsManager]:  [loader.0] file:/Users/pedromarce/.m2/repository/ch/qos/logback/logback-core/1.1.2/logback-core-1.1.2.jar
2015-02-19 19:22:48.144+0000 INFO  [o.n.k.i.DiagnosticsManager]:  [loader.0] file:/Users/pedromarce/.m2/repository/com/fasterxml/jackson/core/jackson-annotations/2.4.4/jackson-annotations-2.4.4.jar
2015-02-19 19:22:48.144+0000 INFO  [o.n.k.i.DiagnosticsManager]:  [loader.0] file:/Users/pedromarce/.m2/repository/org/springframework/boot/spring-boot-starter-logging/1.2.1.RELEASE/spring-boot-starter-logging-1.2.1.RELEASE.jar
2015-02-19 19:22:48.144+0000 INFO  [o.n.k.i.DiagnosticsManager]:  [loader.0] file:/Users/pedromarce/.m2/repository/org/springframework/spring-aspects/4.1.4.RELEASE/spring-aspects-4.1.4.RELEASE.jar
2015-02-19 19:22:48.144+0000 INFO  [o.n.k.i.DiagnosticsManager]:  [loader.2] file:/Library/Java/Extensions/librxtxSerial.jnilib
2015-02-19 19:22:48.144+0000 INFO  [o.n.k.i.DiagnosticsManager]:  [loader.0] file:/Users/pedromarce/.m2/repository/org/springframework/boot/spring-boot-starter/1.2.1.RELEASE/spring-boot-starter-1.2.1.RELEASE.jar
2015-02-19 19:22:48.144+0000 INFO  [o.n.k.i.DiagnosticsManager]:  [loader.2] file:/System/Library/Java/Extensions/j3dcore.jar
2015-02-19 19:22:48.144+0000 INFO  [o.n.k.i.DiagnosticsManager]:  [loader.0] file:/Users/pedromarce/.m2/repository/org/springframework/spring-expression/4.1.4.RELEASE/spring-expression-4.1.4.RELEASE.jar
2015-02-19 19:22:48.144+0000 INFO  [o.n.k.i.DiagnosticsManager]:  [loader.2] file:/Library/Java/JavaVirtualMachines/jdk1.8.0_25.jdk/Contents/Home/jre/lib/ext/nashorn.jar
2015-02-19 19:22:48.144+0000 INFO  [o.n.k.i.DiagnosticsManager]: Library path:
2015-02-19 19:22:48.145+0000 INFO  [o.n.k.i.DiagnosticsManager]: /Applications/NetBeans/NetBeans Dev 201502130001.app/Contents/Resources/NetBeans/webcommon/bin
2015-02-19 19:22:48.145+0000 INFO  [o.n.k.i.DiagnosticsManager]: /Users/pedromarce/dev-java/lk-userService
2015-02-19 19:22:48.145+0000 INFO  [o.n.k.i.DiagnosticsManager]: /Users/pedromarce/Library/Java/Extensions
2015-02-19 19:22:48.145+0000 INFO  [o.n.k.i.DiagnosticsManager]: /Library/Java/Extensions
2015-02-19 19:22:48.145+0000 INFO  [o.n.k.i.DiagnosticsManager]: /Network/Library/Java/Extensions
2015-02-19 19:22:48.145+0000 INFO  [o.n.k.i.DiagnosticsManager]: /System/Library/Java/Extensions
2015-02-19 19:22:48.145+0000 INFO  [o.n.k.i.DiagnosticsManager]: /usr/lib/java
2015-02-19 19:22:48.146+0000 INFO  [o.n.k.i.DiagnosticsManager]: /Users/pedromarce/dev-java/lk-userService
2015-02-19 19:22:48.146+0000 INFO  [o.n.k.i.DiagnosticsManager]: System.properties:
2015-02-19 19:22:48.146+0000 INFO  [o.n.k.i.DiagnosticsManager]: sun.boot.library.path = /Library/Java/JavaVirtualMachines/jdk1.8.0_25.jdk/Contents/Home/jre/lib
2015-02-19 19:22:48.146+0000 INFO  [o.n.k.i.DiagnosticsManager]: gopherProxySet = false
2015-02-19 19:22:48.146+0000 INFO  [o.n.k.i.DiagnosticsManager]: guice.disable.misplaced.annotation.check = true
2015-02-19 19:22:48.146+0000 INFO  [o.n.k.i.DiagnosticsManager]: path.separator = :
2015-02-19 19:22:48.146+0000 INFO  [o.n.k.i.DiagnosticsManager]: file.encoding.pkg = sun.io
2015-02-19 19:22:48.146+0000 INFO  [o.n.k.i.DiagnosticsManager]: user.country = ES
2015-02-19 19:22:48.146+0000 INFO  [o.n.k.i.DiagnosticsManager]: sun.java.launcher = SUN_STANDARD
2015-02-19 19:22:48.146+0000 INFO  [o.n.k.i.DiagnosticsManager]: sun.os.patch.level = unknown
2015-02-19 19:22:48.146+0000 INFO  [o.n.k.i.DiagnosticsManager]: PID = 5449
2015-02-19 19:22:48.146+0000 INFO  [o.n.k.i.DiagnosticsManager]: user.dir = /Users/pedromarce/dev-java/lk-userService
2015-02-19 19:22:48.146+0000 INFO  [o.n.k.i.DiagnosticsManager]: org.jboss.logging.provider = slf4j
2015-02-19 19:22:48.146+0000 INFO  [o.n.k.i.DiagnosticsManager]: maven.ext.class.path = /Applications/NetBeans/NetBeans Dev 201502130001.app/Contents/Resources/NetBeans/java/maven-nblib/netbeans-eventspy.jar
2015-02-19 19:22:48.146+0000 INFO  [o.n.k.i.DiagnosticsManager]: classworlds.conf = /Applications/NetBeans/NetBeans Dev 201502130001.app/Contents/Resources/NetBeans/java/maven/bin/m2.conf
2015-02-19 19:22:48.146+0000 INFO  [o.n.k.i.DiagnosticsManager]: sun.jnu.encoding = UTF-8
2015-02-19 19:22:48.147+0000 INFO  [o.n.k.i.DiagnosticsManager]: sun.management.compiler = HotSpot 64-Bit Tiered Compilers
2015-02-19 19:22:48.147+0000 INFO  [o.n.k.i.DiagnosticsManager]: http.nonProxyHosts = local|*.local|169.254/16|*.169.254/16
2015-02-19 19:22:48.147+0000 INFO  [o.n.k.i.DiagnosticsManager]: user.home = /Users/pedromarce
2015-02-19 19:22:48.147+0000 INFO  [o.n.k.i.DiagnosticsManager]: catalina.useNaming = false
2015-02-19 19:22:48.147+0000 INFO  [o.n.k.i.DiagnosticsManager]: user.timezone = Europe/London
2015-02-19 19:22:48.147+0000 INFO  [o.n.k.i.DiagnosticsManager]: file.encoding = UTF-8
2015-02-19 19:22:48.147+0000 INFO  [o.n.k.i.DiagnosticsManager]: catalina.home = /private/var/folders/_l/2lgk6br96b97w71yrxg3525r0000gp/T/tomcat.2275251861899486322.8080
2015-02-19 19:22:48.147+0000 INFO  [o.n.k.i.DiagnosticsManager]: user.name = pedromarce
2015-02-19 19:22:48.147+0000 INFO  [o.n.k.i.DiagnosticsManager]: sun.java.command = org.codehaus.plexus.classworlds.launcher.Launcher -Dmaven.ext.class.path=/Applications/NetBeans/NetBeans Dev 201502130001.app/Contents/Resources/NetBeans/java/maven-nblib/netbeans-eventspy.jar org.springframework.boot:spring-boot-maven-plugin:1.2.1.RELEASE:run
2015-02-19 19:22:48.147+0000 INFO  [o.n.k.i.DiagnosticsManager]: sun.arch.data.model = 64
2015-02-19 19:22:48.147+0000 INFO  [o.n.k.i.DiagnosticsManager]: user.language = ca
2015-02-19 19:22:48.147+0000 INFO  [o.n.k.i.DiagnosticsManager]: user.language.format = es
2015-02-19 19:22:48.147+0000 INFO  [o.n.k.i.DiagnosticsManager]: awt.toolkit = sun.lwawt.macosx.LWCToolkit
2015-02-19 19:22:48.147+0000 INFO  [o.n.k.i.DiagnosticsManager]: catalina.base = /private/var/folders/_l/2lgk6br96b97w71yrxg3525r0000gp/T/tomcat.2275251861899486322.8080
2015-02-19 19:22:48.147+0000 INFO  [o.n.k.i.DiagnosticsManager]: maven.home = /Applications/NetBeans/NetBeans Dev 201502130001.app/Contents/Resources/NetBeans/java/maven
2015-02-19 19:22:48.147+0000 INFO  [o.n.k.i.DiagnosticsManager]: file.separator = /
2015-02-19 19:22:48.147+0000 INFO  [o.n.k.i.DiagnosticsManager]: sun.io.unicode.encoding = UnicodeBig
2015-02-19 19:22:48.147+0000 INFO  [o.n.k.i.DiagnosticsManager]: sun.cpu.endian = little
2015-02-19 19:22:48.147+0000 INFO  [o.n.k.i.DiagnosticsManager]: socksNonProxyHosts = local|*.local|169.254/16|*.169.254/16
2015-02-19 19:22:48.148+0000 INFO  [o.n.k.i.DiagnosticsManager]: ftp.nonProxyHosts = local|*.local|169.254/16|*.169.254/16
2015-02-19 19:22:48.148+0000 INFO  [o.n.k.i.DiagnosticsManager]: sun.cpu.isalist = 
2015-02-19 19:22:48.148+0000 INFO  [o.n.k.i.DiagnosticsManager]: Network information:
2015-02-19 19:22:48.149+0000 INFO  [o.n.k.i.DiagnosticsManager]: Interface utun1:
2015-02-19 19:22:48.149+0000 INFO  [o.n.k.i.DiagnosticsManager]:     address: fd5c:6099:2947:8d72:17c:c4dc:50b:9d1e
2015-02-19 19:22:48.149+0000 INFO  [o.n.k.i.DiagnosticsManager]:     address: fe80:0:0:0:17c:c4dc:50b:9d1e%utun1
2015-02-19 19:22:48.149+0000 INFO  [o.n.k.i.DiagnosticsManager]: Interface utun0:
2015-02-19 19:22:48.149+0000 INFO  [o.n.k.i.DiagnosticsManager]:     address: fd11:36f9:9b7b:9ed9:17c:c4dc:50b:9d1e
2015-02-19 19:22:48.149+0000 INFO  [o.n.k.i.DiagnosticsManager]:     address: fe80:0:0:0:17c:c4dc:50b:9d1e%utun0
2015-02-19 19:22:48.149+0000 INFO  [o.n.k.i.DiagnosticsManager]: Interface en0:
2015-02-19 19:22:48.149+0000 INFO  [o.n.k.i.DiagnosticsManager]:     address: fe80:0:0:0:129a:ddff:fe53:f98f%en0
2015-02-19 19:22:48.149+0000 INFO  [o.n.k.i.DiagnosticsManager]:     address: 192.168.1.64
2015-02-19 19:22:48.149+0000 INFO  [o.n.k.i.DiagnosticsManager]: Interface lo0:
2015-02-19 19:22:48.149+0000 INFO  [o.n.k.i.DiagnosticsManager]:     address: fe80:0:0:0:0:0:0:1%lo0
2015-02-19 19:22:48.150+0000 INFO  [o.n.k.i.DiagnosticsManager]:     address: 0:0:0:0:0:0:0:1
2015-02-19 19:22:48.150+0000 INFO  [o.n.k.i.DiagnosticsManager]:     address: 127.0.0.1
2015-02-19 19:22:48.150+0000 INFO  [o.n.k.i.DiagnosticsManager]: --- INITIALIZED diagnostics END ---
2015-02-19 19:22:48.258+0000 INFO  [o.n.k.i.n.s.StoreFactory]: Creating new db @ lk-userservice.db/neostore
2015-02-19 19:22:48.332+0000 INFO  [o.n.k.i.n.s.StoreFactory]: [lk-userservice.db/neostore.relationshiptypestore.db.names] brickCount=0 brickSize=0b mappedMem=0b (storeSize=38b)
2015-02-19 19:22:48.334+0000 INFO  [o.n.k.i.n.s.StoreFactory]: [lk-userservice.db/neostore.relationshiptypestore.db] brickCount=0 brickSize=0b mappedMem=0b (storeSize=0b)
2015-02-19 19:22:48.335+0000 INFO  [o.n.k.i.n.s.StoreFactory]: lk-userservice.db/neostore.relationshiptypestore.db.names hit=0 miss=0 switches=0 ooe=0
2015-02-19 19:22:48.341+0000 INFO  [o.n.k.i.n.s.StoreFactory]: lk-userservice.db/neostore.relationshiptypestore.db hit=0 miss=0 switches=0 ooe=0
2015-02-19 19:22:48.348+0000 INFO  [o.n.k.i.n.s.StoreFactory]: [lk-userservice.db/neostore.labeltokenstore.db.names] brickCount=0 brickSize=0b mappedMem=0b (storeSize=38b)
2015-02-19 19:22:48.349+0000 INFO  [o.n.k.i.n.s.StoreFactory]: [lk-userservice.db/neostore.labeltokenstore.db] brickCount=0 brickSize=0b mappedMem=0b (storeSize=0b)
2015-02-19 19:22:48.350+0000 INFO  [o.n.k.i.n.s.StoreFactory]: lk-userservice.db/neostore.labeltokenstore.db.names hit=0 miss=0 switches=0 ooe=0
2015-02-19 19:22:48.350+0000 INFO  [o.n.k.i.n.s.StoreFactory]: lk-userservice.db/neostore.labeltokenstore.db hit=0 miss=0 switches=0 ooe=0
2015-02-19 19:22:48.357+0000 INFO  [o.n.k.i.n.s.StoreFactory]: [lk-userservice.db/neostore.relationshiptypestore.db.names] brickCount=0 brickSize=0b mappedMem=0b (storeSize=38b)
2015-02-19 19:22:48.358+0000 INFO  [o.n.k.i.n.s.StoreFactory]: [lk-userservice.db/neostore.relationshiptypestore.db] brickCount=0 brickSize=0b mappedMem=0b (storeSize=0b)
2015-02-19 19:22:48.358+0000 INFO  [o.n.k.i.n.s.StoreFactory]: [lk-userservice.db/neostore.labeltokenstore.db.names] brickCount=0 brickSize=0b mappedMem=0b (storeSize=38b)
2015-02-19 19:22:48.359+0000 INFO  [o.n.k.i.n.s.StoreFactory]: [lk-userservice.db/neostore.labeltokenstore.db] brickCount=0 brickSize=0b mappedMem=0b (storeSize=0b)
2015-02-19 19:22:48.359+0000 INFO  [o.n.k.i.n.s.StoreFactory]: [lk-userservice.db/neostore.propertystore.db.strings] brickCount=0 brickSize=886016b mappedMem=886046720b (storeSize=128b)
2015-02-19 19:22:48.360+0000 INFO  [o.n.k.i.n.s.StoreFactory]: [lk-userservice.db/neostore.propertystore.db.index.keys] brickCount=0 brickSize=0b mappedMem=0b (storeSize=38b)
2015-02-19 19:22:48.360+0000 INFO  [o.n.k.i.n.s.StoreFactory]: [lk-userservice.db/neostore.propertystore.db.index] brickCount=0 brickSize=0b mappedMem=0b (storeSize=0b)
2015-02-19 19:22:48.361+0000 INFO  [o.n.k.i.n.s.StoreFactory]: [lk-userservice.db/neostore.propertystore.db.arrays] brickCount=0 brickSize=1004416b mappedMem=1004535808b (storeSize=128b)
2015-02-19 19:22:48.366+0000 INFO  [o.n.k.i.n.s.StoreFactory]: [lk-userservice.db/neostore.propertystore.db] brickCount=0 brickSize=10422815b mappedMem=1042284544b (storeSize=0b)
2015-02-19 19:22:48.372+0000 INFO  [o.n.k.i.n.s.StoreFactory]: [lk-userservice.db/neostore.relationshipstore.db] brickCount=0 brickSize=12771624b mappedMem=1277165568b (storeSize=0b)
2015-02-19 19:22:48.372+0000 INFO  [o.n.k.i.n.s.StoreFactory]: [lk-userservice.db/neostore.nodestore.db.labels] brickCount=0 brickSize=0b mappedMem=0b (storeSize=68b)
2015-02-19 19:22:48.376+0000 INFO  [o.n.k.i.n.s.StoreFactory]: [lk-userservice.db/neostore.nodestore.db] brickCount=0 brickSize=2894055b mappedMem=289406976b (storeSize=0b)
2015-02-19 19:22:48.377+0000 INFO  [o.n.k.i.n.s.StoreFactory]: [lk-userservice.db/neostore.schemastore.db] brickCount=0 brickSize=0b mappedMem=0b (storeSize=64b)
2015-02-19 19:22:48.381+0000 INFO  [o.n.k.i.n.s.StoreFactory]: [lk-userservice.db/neostore.relationshipgroupstore.db] brickCount=0 brickSize=0b mappedMem=0b (storeSize=25b)
2015-02-19 19:22:48.382+0000 INFO  [o.n.k.i.n.s.StoreFactory]: [lk-userservice.db/neostore] brickCount=0 brickSize=0b mappedMem=0b (storeSize=0b)
2015-02-19 19:22:48.392+0000 INFO  [o.n.k.i.n.s.StoreFactory]: lk-userservice.db/neostore.relationshiptypestore.db.names hit=0 miss=0 switches=0 ooe=0
2015-02-19 19:22:48.393+0000 INFO  [o.n.k.i.n.s.StoreFactory]: lk-userservice.db/neostore.relationshiptypestore.db hit=0 miss=0 switches=0 ooe=0
2015-02-19 19:22:48.394+0000 INFO  [o.n.k.i.n.s.StoreFactory]: lk-userservice.db/neostore.labeltokenstore.db.names hit=0 miss=0 switches=0 ooe=0
2015-02-19 19:22:48.395+0000 INFO  [o.n.k.i.n.s.StoreFactory]: lk-userservice.db/neostore.labeltokenstore.db hit=0 miss=0 switches=0 ooe=0
2015-02-19 19:22:48.396+0000 INFO  [o.n.k.i.n.s.StoreFactory]: lk-userservice.db/neostore.propertystore.db.strings hit=0 miss=0 switches=0 ooe=0
2015-02-19 19:22:48.397+0000 INFO  [o.n.k.i.n.s.StoreFactory]: lk-userservice.db/neostore.propertystore.db.index.keys hit=0 miss=0 switches=0 ooe=0
2015-02-19 19:22:48.398+0000 INFO  [o.n.k.i.n.s.StoreFactory]: lk-userservice.db/neostore.propertystore.db.index hit=0 miss=0 switches=0 ooe=0
2015-02-19 19:22:48.400+0000 INFO  [o.n.k.i.n.s.StoreFactory]: lk-userservice.db/neostore.propertystore.db.arrays hit=0 miss=0 switches=0 ooe=0
2015-02-19 19:22:48.401+0000 INFO  [o.n.k.i.n.s.StoreFactory]: lk-userservice.db/neostore.propertystore.db hit=0 miss=0 switches=0 ooe=0
2015-02-19 19:22:48.403+0000 INFO  [o.n.k.i.n.s.StoreFactory]: lk-userservice.db/neostore.relationshipstore.db hit=0 miss=0 switches=0 ooe=0
2015-02-19 19:22:48.405+0000 INFO  [o.n.k.i.n.s.StoreFactory]: lk-userservice.db/neostore.nodestore.db.labels hit=0 miss=0 switches=0 ooe=0
2015-02-19 19:22:48.407+0000 INFO  [o.n.k.i.n.s.StoreFactory]: lk-userservice.db/neostore.nodestore.db hit=0 miss=0 switches=0 ooe=0
2015-02-19 19:22:48.410+0000 INFO  [o.n.k.i.n.s.StoreFactory]: lk-userservice.db/neostore.schemastore.db hit=0 miss=0 switches=0 ooe=0
2015-02-19 19:22:48.411+0000 INFO  [o.n.k.i.n.s.StoreFactory]: lk-userservice.db/neostore.relationshipgroupstore.db hit=0 miss=0 switches=0 ooe=0
2015-02-19 19:22:48.412+0000 INFO  [o.n.k.i.n.s.StoreFactory]: lk-userservice.db/neostore hit=0 miss=10 switches=0 ooe=0
2015-02-19 19:22:48.427+0000 INFO  [o.n.k.i.n.s.StoreFactory]: [lk-userservice.db/neostore.relationshiptypestore.db.names] brickCount=0 brickSize=0b mappedMem=0b (storeSize=38b)
2015-02-19 19:22:48.427+0000 INFO  [o.n.k.i.n.s.StoreFactory]: [lk-userservice.db/neostore.relationshiptypestore.db] brickCount=0 brickSize=0b mappedMem=0b (storeSize=0b)
2015-02-19 19:22:48.428+0000 INFO  [o.n.k.i.n.s.StoreFactory]: [lk-userservice.db/neostore.labeltokenstore.db.names] brickCount=0 brickSize=0b mappedMem=0b (storeSize=38b)
2015-02-19 19:22:48.428+0000 INFO  [o.n.k.i.n.s.StoreFactory]: [lk-userservice.db/neostore.labeltokenstore.db] brickCount=0 brickSize=0b mappedMem=0b (storeSize=0b)
2015-02-19 19:22:48.429+0000 INFO  [o.n.k.i.n.s.StoreFactory]: [lk-userservice.db/neostore.propertystore.db.strings] brickCount=0 brickSize=886016b mappedMem=886046720b (storeSize=128b)
2015-02-19 19:22:48.429+0000 INFO  [o.n.k.i.n.s.StoreFactory]: [lk-userservice.db/neostore.propertystore.db.index.keys] brickCount=0 brickSize=0b mappedMem=0b (storeSize=38b)
2015-02-19 19:22:48.429+0000 INFO  [o.n.k.i.n.s.StoreFactory]: [lk-userservice.db/neostore.propertystore.db.index] brickCount=0 brickSize=0b mappedMem=0b (storeSize=0b)
2015-02-19 19:22:48.430+0000 INFO  [o.n.k.i.n.s.StoreFactory]: [lk-userservice.db/neostore.propertystore.db.arrays] brickCount=0 brickSize=1004416b mappedMem=1004535808b (storeSize=128b)
2015-02-19 19:22:48.430+0000 INFO  [o.n.k.i.n.s.StoreFactory]: [lk-userservice.db/neostore.propertystore.db] brickCount=0 brickSize=10422815b mappedMem=1042284544b (storeSize=0b)
2015-02-19 19:22:48.431+0000 INFO  [o.n.k.i.n.s.StoreFactory]: [lk-userservice.db/neostore.relationshipstore.db] brickCount=0 brickSize=12771624b mappedMem=1277165568b (storeSize=0b)
2015-02-19 19:22:48.431+0000 INFO  [o.n.k.i.n.s.StoreFactory]: [lk-userservice.db/neostore.nodestore.db.labels] brickCount=0 brickSize=0b mappedMem=0b (storeSize=68b)
2015-02-19 19:22:48.432+0000 INFO  [o.n.k.i.n.s.StoreFactory]: [lk-userservice.db/neostore.nodestore.db] brickCount=0 brickSize=2894055b mappedMem=289406976b (storeSize=0b)
2015-02-19 19:22:48.432+0000 INFO  [o.n.k.i.n.s.StoreFactory]: [lk-userservice.db/neostore.schemastore.db] brickCount=0 brickSize=0b mappedMem=0b (storeSize=64b)
2015-02-19 19:22:48.432+0000 INFO  [o.n.k.i.n.s.StoreFactory]: [lk-userservice.db/neostore.relationshipgroupstore.db] brickCount=0 brickSize=0b mappedMem=0b (storeSize=25b)
2015-02-19 19:22:48.433+0000 INFO  [o.n.k.i.n.s.StoreFactory]: [lk-userservice.db/neostore] brickCount=0 brickSize=0b mappedMem=0b (storeSize=81b)
2015-02-19 19:22:48.585+0000 INFO  [o.n.k.a.i.i.LuceneLabelScanStore]: No lucene scan store index found, this might just be first use. Preparing to rebuild.
2015-02-19 19:22:48.629+0000 INFO  [o.n.k.a.i.i.LuceneLabelScanStore]: No lucene scan store index found, this might just be first use. Preparing to rebuild.
2015-02-19 19:22:48.755+0000 INFO  [o.n.k.i.t.x.XaLogicalLog]: Opened logical log [lk-userservice.db/nioneo_logical.log.1] version=0, lastTxId=1 (clean)
2015-02-19 19:22:48.763+0000 INFO  [o.n.k.a.i.i.LuceneLabelScanStore]: Rebuilding lucene scan store, this may take a while
2015-02-19 19:22:48.767+0000 INFO  [o.n.k.a.i.i.LuceneLabelScanStore]: Lucene scan store rebuilt (roughly -1 nodes)
2015-02-19 19:22:48.772+0000 INFO  [o.n.k.i.t.TxManager]: TM new log: tm_tx_log.1
2015-02-19 19:22:48.784+0000 INFO  [o.n.k.i.t.KernelHealth]: Kernel health set to OK
2015-02-19 19:22:48.803+0000 INFO  [o.n.k.i.t.x.XaLogicalLog]: Opened logical log [lk-userservice.db/index/lucene.log.1] version=0, lastTxId=1 (clean)
2015-02-19 19:22:48.819+0000 INFO  [o.n.k.i.DiagnosticsManager]: --- STARTED diagnostics for KernelDiagnostics:Versions START ---
2015-02-19 19:22:48.819+0000 INFO  [o.n.k.i.DiagnosticsManager]: Graph Database: org.neo4j.kernel.EmbeddedGraphDatabase StoreId{creationTime=1424373768266, randomId=-4286877664231976283, storeVersion=14406081294923270, upgradeTime=1424373768266, upgradeId=-4286877664231976283}
2015-02-19 19:22:48.819+0000 INFO  [o.n.k.i.DiagnosticsManager]: Kernel version: Neo4j - Graph Database Kernel (neo4j-kernel), version: 2.1.5
2015-02-19 19:22:48.819+0000 INFO  [o.n.k.i.DiagnosticsManager]: Neo4j component versions:
2015-02-19 19:22:48.827+0000 INFO  [o.n.k.i.DiagnosticsManager]:   Neo4j - Cypher Compiler 1.9 (neo4j-cypher-compiler-1.9), version: 2.0.3; revision: 2.0.3:2.0-maint:72/307c563c11b75fdc71cfa6df05daf9b08d6c37dc
2015-02-19 19:22:48.827+0000 INFO  [o.n.k.i.DiagnosticsManager]:   Neo4j - Cypher Commons (neo4j-cypher-commons), version: 2.1.5; revision: 2.1.5:2.1-maint:529/45c3cc04946c2b0e243e48c8252e40cb85931744
2015-02-19 19:22:48.827+0000 INFO  [o.n.k.i.DiagnosticsManager]:   Neo4j Community (neo4j), version: 2.1.5; revision: 2.1.5:2.1-maint:529/45c3cc04946c2b0e243e48c8252e40cb85931744
2015-02-19 19:22:48.827+0000 INFO  [o.n.k.i.DiagnosticsManager]:   neo4j-udc, version: 2.1.5; revision: 2.1.5:2.1-maint:529/45c3cc04946c2b0e243e48c8252e40cb85931744
2015-02-19 19:22:48.827+0000 INFO  [o.n.k.i.DiagnosticsManager]:   Neo4j - Lucene Index (neo4j-lucene-index), version: 2.1.5; revision: 2.1.5:2.1-maint:529/45c3cc04946c2b0e243e48c8252e40cb85931744
2015-02-19 19:22:48.827+0000 INFO  [o.n.k.i.DiagnosticsManager]:   Neo4j - Cypher Compiler 2.0 (neo4j-cypher-compiler-2.0), version: 2.0.3; revision: 2.0.3:2.0-maint:72/307c563c11b75fdc71cfa6df05daf9b08d6c37dc
2015-02-19 19:22:48.828+0000 INFO  [o.n.k.i.DiagnosticsManager]:   Neo4j - Graph Matching (neo4j-graph-matching), version: 2.1.5; revision: 2.1.5:2.1-maint:529/45c3cc04946c2b0e243e48c8252e40cb85931744
2015-02-19 19:22:48.828+0000 INFO  [o.n.k.i.DiagnosticsManager]:   Neo4j - Graph Database Kernel (neo4j-kernel), version: 2.1.5; revision: 2.1.5:2.1-maint:529/45c3cc04946c2b0e243e48c8252e40cb85931744
2015-02-19 19:22:48.828+0000 INFO  [o.n.k.i.DiagnosticsManager]:   Neo4j - JMX support (neo4j-jmx), version: 2.1.5; revision: 2.1.5:2.1-maint:529/45c3cc04946c2b0e243e48c8252e40cb85931744
2015-02-19 19:22:48.828+0000 INFO  [o.n.k.i.DiagnosticsManager]:   Neo4j - Cypher (neo4j-cypher), version: 2.1.5; revision: 2.1.5:2.1-maint:529/45c3cc04946c2b0e243e48c8252e40cb85931744
2015-02-19 19:22:48.828+0000 INFO  [o.n.k.i.DiagnosticsManager]:   Neo4j - Graph Algorithms (neo4j-graph-algo), version: 2.1.5; revision: 2.1.5:2.1-maint:529/45c3cc04946c2b0e243e48c8252e40cb85931744
2015-02-19 19:22:48.828+0000 INFO  [o.n.k.i.DiagnosticsManager]: --- STARTED diagnostics for KernelDiagnostics:Versions END ---
2015-02-19 19:22:48.832+0000 INFO  [o.n.k.i.DiagnosticsManager]: --- STARTED diagnostics for NEO_STORE_VERSIONS START ---
2015-02-19 19:22:48.834+0000 INFO  [o.n.k.i.DiagnosticsManager]: Store versions:
2015-02-19 19:22:48.834+0000 INFO  [o.n.k.i.DiagnosticsManager]: Store versions:
2015-02-19 19:22:48.834+0000 INFO  [o.n.k.i.DiagnosticsManager]:   NeoStore v0.A.3
2015-02-19 19:22:48.834+0000 INFO  [o.n.k.i.DiagnosticsManager]:   SchemaStore v0.A.3
2015-02-19 19:22:48.834+0000 INFO  [o.n.k.i.DiagnosticsManager]:   NodeStore v0.A.3
2015-02-19 19:22:48.834+0000 INFO  [o.n.k.i.DiagnosticsManager]:   RelationshipStore v0.A.3
2015-02-19 19:22:48.835+0000 INFO  [o.n.k.i.DiagnosticsManager]:   RelationshipTypeStore v0.A.3
2015-02-19 19:22:48.835+0000 INFO  [o.n.k.i.DiagnosticsManager]:   LabelTokenStore v0.A.3
2015-02-19 19:22:48.835+0000 INFO  [o.n.k.i.DiagnosticsManager]:   PropertyStore v0.A.3
2015-02-19 19:22:48.835+0000 INFO  [o.n.k.i.DiagnosticsManager]:   PropertyIndexStore v0.A.3
2015-02-19 19:22:48.835+0000 INFO  [o.n.k.i.DiagnosticsManager]:   StringPropertyStore v0.A.3
2015-02-19 19:22:48.835+0000 INFO  [o.n.k.i.DiagnosticsManager]:   ArrayPropertyStore v0.A.3
2015-02-19 19:22:48.835+0000 INFO  [o.n.k.i.DiagnosticsManager]:   RelationshipGroupStore v0.A.3
2015-02-19 19:22:48.835+0000 INFO  [o.n.k.i.DiagnosticsManager]: --- STARTED diagnostics for NEO_STORE_VERSIONS END ---
2015-02-19 19:22:48.835+0000 INFO  [o.n.k.i.DiagnosticsManager]: --- STARTED diagnostics for NEO_STORE_ID_USAGE START ---
2015-02-19 19:22:48.835+0000 INFO  [o.n.k.i.DiagnosticsManager]: Id usage:
2015-02-19 19:22:48.835+0000 INFO  [o.n.k.i.DiagnosticsManager]: Id usage:
2015-02-19 19:22:48.835+0000 INFO  [o.n.k.i.DiagnosticsManager]:   SchemaStore: used=1 high=0
2015-02-19 19:22:48.835+0000 INFO  [o.n.k.i.DiagnosticsManager]:   NodeStore: used=0 high=-1
2015-02-19 19:22:48.835+0000 INFO  [o.n.k.i.DiagnosticsManager]:   RelationshipStore: used=0 high=-1
2015-02-19 19:22:48.835+0000 INFO  [o.n.k.i.DiagnosticsManager]:   RelationshipTypeStore: used=0 high=-1
2015-02-19 19:22:48.835+0000 INFO  [o.n.k.i.DiagnosticsManager]:   LabelTokenStore: used=0 high=-1
2015-02-19 19:22:48.836+0000 INFO  [o.n.k.i.DiagnosticsManager]:   PropertyStore: used=0 high=-1
2015-02-19 19:22:48.836+0000 INFO  [o.n.k.i.DiagnosticsManager]:   PropertyIndexStore: used=0 high=-1
2015-02-19 19:22:48.836+0000 INFO  [o.n.k.i.DiagnosticsManager]:   StringPropertyStore: used=1 high=0
2015-02-19 19:22:48.836+0000 INFO  [o.n.k.i.DiagnosticsManager]:   ArrayPropertyStore: used=1 high=0
2015-02-19 19:22:48.836+0000 INFO  [o.n.k.i.DiagnosticsManager]:   RelationshipGroupStore: used=1 high=0
2015-02-19 19:22:48.836+0000 INFO  [o.n.k.i.DiagnosticsManager]: --- STARTED diagnostics for NEO_STORE_ID_USAGE END ---
2015-02-19 19:22:48.836+0000 INFO  [o.n.k.i.DiagnosticsManager]: --- STARTED diagnostics for PERSISTENCE_WINDOW_POOL_STATS START ---
2015-02-19 19:22:48.836+0000 INFO  [o.n.k.i.DiagnosticsManager]: --- STARTED diagnostics for PERSISTENCE_WINDOW_POOL_STATS END ---
2015-02-19 19:22:48.837+0000 INFO  [o.n.k.i.DiagnosticsManager]: --- STARTED diagnostics for KernelDiagnostics:StoreFiles START ---
2015-02-19 19:22:48.837+0000 INFO  [o.n.k.i.DiagnosticsManager]: Disk space on partition (Total / Free / Free %): 499248103424 / 4819357696 / 0
Storage files: (filename : modification date - size)
2015-02-19 19:22:48.839+0000 INFO  [o.n.k.i.DiagnosticsManager]:   active_tx_log: 2015-02-19T19:22:48+0000 - 11,00 B
2015-02-19 19:22:48.839+0000 INFO  [o.n.k.i.DiagnosticsManager]:   index:
2015-02-19 19:22:48.839+0000 INFO  [o.n.k.i.DiagnosticsManager]:     lucene-store.db: 2015-02-19T19:22:48+0000 - 40,00 B
2015-02-19 19:22:48.839+0000 INFO  [o.n.k.i.DiagnosticsManager]:     lucene.log.1: 2015-02-19T19:22:48+0000 - 16,00 B
2015-02-19 19:22:48.839+0000 INFO  [o.n.k.i.DiagnosticsManager]:     lucene.log.active: 2015-02-19T19:22:48+0000 - 4,00 B
2015-02-19 19:22:48.840+0000 INFO  [o.n.k.i.DiagnosticsManager]:   - Total: 2015-02-19T19:22:48+0000 - 60,00 B
2015-02-19 19:22:48.842+0000 INFO  [o.n.k.i.DiagnosticsManager]:   lock: 2015-02-19T19:22:48+0000 - 0,00 B
2015-02-19 19:22:48.843+0000 INFO  [o.n.k.i.DiagnosticsManager]:   messages.log: 2015-02-19T19:22:48+0000 - 48,01 kB
2015-02-19 19:22:48.843+0000 INFO  [o.n.k.i.DiagnosticsManager]:   neostore: 2015-02-19T19:22:48+0000 - 81,00 B
2015-02-19 19:22:48.843+0000 INFO  [o.n.k.i.DiagnosticsManager]:   neostore.id: 2015-02-19T19:22:48+0000 - 9,00 B
2015-02-19 19:22:48.843+0000 INFO  [o.n.k.i.DiagnosticsManager]:   neostore.labeltokenstore.db: 2015-02-19T19:22:48+0000 - 0,00 B
2015-02-19 19:22:48.843+0000 INFO  [o.n.k.i.DiagnosticsManager]:   neostore.labeltokenstore.db.id: 2015-02-19T19:22:48+0000 - 9,00 B
2015-02-19 19:22:48.843+0000 INFO  [o.n.k.i.DiagnosticsManager]:   neostore.labeltokenstore.db.names: 2015-02-19T19:22:48+0000 - 38,00 B
2015-02-19 19:22:48.844+0000 INFO  [o.n.k.i.DiagnosticsManager]:   neostore.labeltokenstore.db.names.id: 2015-02-19T19:22:48+0000 - 9,00 B
2015-02-19 19:22:48.844+0000 INFO  [o.n.k.i.DiagnosticsManager]:   neostore.nodestore.db: 2015-02-19T19:22:48+0000 - 0,00 B
2015-02-19 19:22:48.844+0000 INFO  [o.n.k.i.DiagnosticsManager]:   neostore.nodestore.db.id: 2015-02-19T19:22:48+0000 - 9,00 B
2015-02-19 19:22:48.844+0000 INFO  [o.n.k.i.DiagnosticsManager]:   neostore.nodestore.db.labels: 2015-02-19T19:22:48+0000 - 68,00 B
2015-02-19 19:22:48.844+0000 INFO  [o.n.k.i.DiagnosticsManager]:   neostore.nodestore.db.labels.id: 2015-02-19T19:22:48+0000 - 9,00 B
2015-02-19 19:22:48.844+0000 INFO  [o.n.k.i.DiagnosticsManager]:   neostore.propertystore.db: 2015-02-19T19:22:48+0000 - 0,00 B
2015-02-19 19:22:48.844+0000 INFO  [o.n.k.i.DiagnosticsManager]:   neostore.propertystore.db.arrays: 2015-02-19T19:22:48+0000 - 128,00 B
2015-02-19 19:22:48.845+0000 INFO  [o.n.k.i.DiagnosticsManager]:   neostore.propertystore.db.arrays.id: 2015-02-19T19:22:48+0000 - 9,00 B
2015-02-19 19:22:48.845+0000 INFO  [o.n.k.i.DiagnosticsManager]:   neostore.propertystore.db.id: 2015-02-19T19:22:48+0000 - 9,00 B
2015-02-19 19:22:48.845+0000 INFO  [o.n.k.i.DiagnosticsManager]:   neostore.propertystore.db.index: 2015-02-19T19:22:48+0000 - 0,00 B
2015-02-19 19:22:48.845+0000 INFO  [o.n.k.i.DiagnosticsManager]:   neostore.propertystore.db.index.id: 2015-02-19T19:22:48+0000 - 9,00 B
2015-02-19 19:22:48.845+0000 INFO  [o.n.k.i.DiagnosticsManager]:   neostore.propertystore.db.index.keys: 2015-02-19T19:22:48+0000 - 38,00 B
2015-02-19 19:22:48.845+0000 INFO  [o.n.k.i.DiagnosticsManager]:   neostore.propertystore.db.index.keys.id: 2015-02-19T19:22:48+0000 - 9,00 B
2015-02-19 19:22:48.845+0000 INFO  [o.n.k.i.DiagnosticsManager]:   neostore.propertystore.db.strings: 2015-02-19T19:22:48+0000 - 128,00 B
2015-02-19 19:22:48.845+0000 INFO  [o.n.k.i.DiagnosticsManager]:   neostore.propertystore.db.strings.id: 2015-02-19T19:22:48+0000 - 9,00 B
2015-02-19 19:22:48.845+0000 INFO  [o.n.k.i.DiagnosticsManager]:   neostore.relationshipgroupstore.db: 2015-02-19T19:22:48+0000 - 25,00 B
2015-02-19 19:22:48.845+0000 INFO  [o.n.k.i.DiagnosticsManager]:   neostore.relationshipgroupstore.db.id: 2015-02-19T19:22:48+0000 - 9,00 B
2015-02-19 19:22:48.846+0000 INFO  [o.n.k.i.DiagnosticsManager]:   neostore.relationshipstore.db: 2015-02-19T19:22:48+0000 - 0,00 B
2015-02-19 19:22:48.846+0000 INFO  [o.n.k.i.DiagnosticsManager]:   neostore.relationshipstore.db.id: 2015-02-19T19:22:48+0000 - 9,00 B
2015-02-19 19:22:48.846+0000 INFO  [o.n.k.i.DiagnosticsManager]:   neostore.relationshiptypestore.db: 2015-02-19T19:22:48+0000 - 0,00 B
2015-02-19 19:22:48.846+0000 INFO  [o.n.k.i.DiagnosticsManager]:   neostore.relationshiptypestore.db.id: 2015-02-19T19:22:48+0000 - 9,00 B
2015-02-19 19:22:48.846+0000 INFO  [o.n.k.i.DiagnosticsManager]:   neostore.relationshiptypestore.db.names: 2015-02-19T19:22:48+0000 - 38,00 B
2015-02-19 19:22:48.846+0000 INFO  [o.n.k.i.DiagnosticsManager]:   neostore.relationshiptypestore.db.names.id: 2015-02-19T19:22:48+0000 - 9,00 B
2015-02-19 19:22:48.847+0000 INFO  [o.n.k.i.DiagnosticsManager]:   neostore.schemastore.db: 2015-02-19T19:22:48+0000 - 64,00 B
2015-02-19 19:22:48.847+0000 INFO  [o.n.k.i.DiagnosticsManager]:   neostore.schemastore.db.id: 2015-02-19T19:22:48+0000 - 9,00 B
2015-02-19 19:22:48.847+0000 INFO  [o.n.k.i.DiagnosticsManager]:   nioneo_logical.log.1: 2015-02-19T19:22:48+0000 - 16,00 B
2015-02-19 19:22:48.847+0000 INFO  [o.n.k.i.DiagnosticsManager]:   nioneo_logical.log.active: 2015-02-19T19:22:48+0000 - 4,00 B
2015-02-19 19:22:48.847+0000 INFO  [o.n.k.i.DiagnosticsManager]:   schema:
2015-02-19 19:22:48.847+0000 INFO  [o.n.k.i.DiagnosticsManager]:     label:
2015-02-19 19:22:48.847+0000 INFO  [o.n.k.i.DiagnosticsManager]:       lucene:
2015-02-19 19:22:48.848+0000 INFO  [o.n.k.i.DiagnosticsManager]:         write.lock: 2015-02-19T19:22:48+0000 - 0,00 B
2015-02-19 19:22:48.848+0000 INFO  [o.n.k.i.DiagnosticsManager]:       - Total: 2015-02-19T19:22:48+0000 - 0,00 B
2015-02-19 19:22:48.848+0000 INFO  [o.n.k.i.DiagnosticsManager]:     - Total: 2015-02-19T19:22:48+0000 - 0,00 B
2015-02-19 19:22:48.848+0000 INFO  [o.n.k.i.DiagnosticsManager]:   - Total: 2015-02-19T19:22:48+0000 - 0,00 B
2015-02-19 19:22:48.848+0000 INFO  [o.n.k.i.DiagnosticsManager]:   store_lock: 2015-02-19T19:22:48+0000 - 0,00 B
2015-02-19 19:22:48.848+0000 INFO  [o.n.k.i.DiagnosticsManager]:   tm_tx_log.1: 2015-02-19T19:22:48+0000 - 0,00 B
2015-02-19 19:22:48.848+0000 INFO  [o.n.k.i.DiagnosticsManager]: --- STARTED diagnostics for KernelDiagnostics:StoreFiles END ---
2015-02-19 19:22:48.934+0000 INFO  [o.n.k.EmbeddedGraphDatabase]: Database is now ready
2015-02-19 19:22:54.149+0000 WARN  [o.n.k.EmbeddedGraphDatabase]: GC Monitor: Application threads blocked for 269ms.
2015-02-19 22:03:45.206+0000 WARN  [o.n.k.EmbeddedGraphDatabase]: GC Monitor: Application threads blocked for 245ms.
